2024-01-08 14:20:26,740 DEBUG    root            Loaded Command Group: ['gcloud', 'components']
2024-01-08 14:20:26,743 DEBUG    root            Loaded Command Group: ['gcloud', 'components', 'update']
2024-01-08 14:20:26,746 DEBUG    root            Running [gcloud.components.update] with arguments: [--quiet: "True", COMPONENT-IDS:8: "['gcloud', 'core', 'bq', 'gsutil', 'compute', 'preview', 'alpha', 'beta']"]
2024-01-08 14:20:26,747 INFO     ___FILE_ONLY___ Beginning update. This process may take several minutes.

2024-01-08 14:20:26,753 DEBUG    urllib3.connectionpool Starting new HTTPS connection (1): dl.google.com:443
2024-01-08 14:20:26,842 DEBUG    urllib3.connectionpool https://dl.google.com:443 "GET /dl/cloudsdk/channels/rapid/components-2.json HTTP/1.1" 200 214443
2024-01-08 14:20:26,866 WARNING  root            Component [compute] no longer exists.
2024-01-08 14:20:26,867 WARNING  root            Component [preview] no longer exists.
2024-01-08 14:20:26,868 INFO     ___FILE_ONLY___ 

2024-01-08 14:20:26,868 INFO     ___FILE_ONLY___ 
Your current Google Cloud CLI version is: 458.0.1

2024-01-08 14:20:26,869 INFO     ___FILE_ONLY___ Installing components from version: 458.0.1

2024-01-08 14:20:26,869 INFO     ___FILE_ONLY___ 

2024-01-08 14:20:26,869 DEBUG    root            Chosen display Format:table[box,title="These components will be removed."](details.display_name:label=Name:align=left,version.version_string:label=Version:align=right,data.size.size(zero="",min=1048576):label=Size:align=right)
2024-01-08 14:20:26,870 DEBUG    root            Chosen display Format:table[box,title="These components will be updated."](details.display_name:label=Name:align=left,version.version_string:label=Version:align=right,data.size.size(zero="",min=1048576):label=Size:align=right)
2024-01-08 14:20:26,871 DEBUG    root            Chosen display Format:table[box,title="These components will be installed."](details.display_name:label=Name:align=left,version.version_string:label=Version:align=right,data.size.size(zero="",min=1048576):label=Size:align=right)
2024-01-08 14:20:26,873 INFO     ___FILE_ONLY___ ┌──────────────────────────────────────────────┐
2024-01-08 14:20:26,873 INFO     ___FILE_ONLY___ 

2024-01-08 14:20:26,873 INFO     ___FILE_ONLY___ │     These components will be installed.      │
2024-01-08 14:20:26,873 INFO     ___FILE_ONLY___ 

2024-01-08 14:20:26,873 INFO     ___FILE_ONLY___ ├───────────────────────┬────────────┬─────────┤
2024-01-08 14:20:26,873 INFO     ___FILE_ONLY___ 

2024-01-08 14:20:26,873 INFO     ___FILE_ONLY___ │          Name         │  Version   │   Size  │
2024-01-08 14:20:26,873 INFO     ___FILE_ONLY___ 

2024-01-08 14:20:26,873 INFO     ___FILE_ONLY___ ├───────────────────────┼────────────┼─────────┤
2024-01-08 14:20:26,873 INFO     ___FILE_ONLY___ 

2024-01-08 14:20:26,873 INFO     ___FILE_ONLY___ │ 
2024-01-08 14:20:26,873 INFO     ___FILE_ONLY___ gcloud Alpha Commands
2024-01-08 14:20:26,874 INFO     ___FILE_ONLY___  
2024-01-08 14:20:26,874 INFO     ___FILE_ONLY___ │ 
2024-01-08 14:20:26,874 INFO     ___FILE_ONLY___ 2023.12.20
2024-01-08 14:20:26,874 INFO     ___FILE_ONLY___  
2024-01-08 14:20:26,874 INFO     ___FILE_ONLY___ │ 
2024-01-08 14:20:26,874 INFO     ___FILE_ONLY___ < 1 MiB
2024-01-08 14:20:26,874 INFO     ___FILE_ONLY___  
2024-01-08 14:20:26,874 INFO     ___FILE_ONLY___ │
2024-01-08 14:20:26,874 INFO     ___FILE_ONLY___ 

2024-01-08 14:20:26,874 INFO     ___FILE_ONLY___ │ 
2024-01-08 14:20:26,874 INFO     ___FILE_ONLY___ gcloud Beta Commands 
2024-01-08 14:20:26,874 INFO     ___FILE_ONLY___  
2024-01-08 14:20:26,874 INFO     ___FILE_ONLY___ │ 
2024-01-08 14:20:26,874 INFO     ___FILE_ONLY___ 2023.12.20
2024-01-08 14:20:26,875 INFO     ___FILE_ONLY___  
2024-01-08 14:20:26,875 INFO     ___FILE_ONLY___ │ 
2024-01-08 14:20:26,875 INFO     ___FILE_ONLY___ < 1 MiB
2024-01-08 14:20:26,875 INFO     ___FILE_ONLY___  
2024-01-08 14:20:26,875 INFO     ___FILE_ONLY___ │
2024-01-08 14:20:26,875 INFO     ___FILE_ONLY___ 

2024-01-08 14:20:26,875 INFO     ___FILE_ONLY___ └───────────────────────┴────────────┴─────────┘
2024-01-08 14:20:26,875 INFO     ___FILE_ONLY___ 

2024-01-08 14:20:26,875 INFO     ___FILE_ONLY___ 

2024-01-08 14:20:26,879 DEBUG    urllib3.connectionpool Starting new HTTPS connection (1): dl.google.com:443
2024-01-08 14:20:26,970 DEBUG    urllib3.connectionpool https://dl.google.com:443 "GET /dl/cloudsdk/channels/rapid/RELEASE_NOTES HTTP/1.1" 200 1129488
2024-01-08 14:20:27,047 INFO     ___FILE_ONLY___ For the latest full release notes, please visit:
  https://cloud.google.com/sdk/release_notes


2024-01-08 14:20:27,049 INFO     ___FILE_ONLY___ ╔════════════════════════════════════════════════════════════╗

2024-01-08 14:20:27,049 INFO     ___FILE_ONLY___ ╠═ Creating update staging area                             ═╣

2024-01-08 14:20:27,050 INFO     ___FILE_ONLY___ ╚
2024-01-08 14:20:27,050 INFO     ___FILE_ONLY___ ══════
2024-01-08 14:20:27,821 INFO     ___FILE_ONLY___ ══════
2024-01-08 14:20:27,821 INFO     ___FILE_ONLY___ ══════
2024-01-08 14:20:28,182 INFO     ___FILE_ONLY___ ═
2024-01-08 14:20:28,430 INFO     ___FILE_ONLY___ ═
2024-01-08 14:20:28,649 INFO     ___FILE_ONLY___ ═
2024-01-08 14:20:28,781 INFO     ___FILE_ONLY___ ═
2024-01-08 14:20:29,083 INFO     ___FILE_ONLY___ ═
2024-01-08 14:20:29,214 INFO     ___FILE_ONLY___ ═
2024-01-08 14:20:29,297 INFO     ___FILE_ONLY___ ═
2024-01-08 14:20:29,433 INFO     ___FILE_ONLY___ ═
2024-01-08 14:20:29,542 INFO     ___FILE_ONLY___ ═
2024-01-08 14:20:29,650 INFO     ___FILE_ONLY___ ═
2024-01-08 14:20:29,747 INFO     ___FILE_ONLY___ ═
2024-01-08 14:20:29,839 INFO     ___FILE_ONLY___ ═
2024-01-08 14:20:30,113 INFO     ___FILE_ONLY___ ═
2024-01-08 14:20:30,178 INFO     ___FILE_ONLY___ ═
2024-01-08 14:20:30,241 INFO     ___FILE_ONLY___ ═
2024-01-08 14:20:30,351 INFO     ___FILE_ONLY___ ═
2024-01-08 14:20:30,436 INFO     ___FILE_ONLY___ ═
2024-01-08 14:20:30,592 INFO     ___FILE_ONLY___ ═
2024-01-08 14:20:30,652 INFO     ___FILE_ONLY___ ═
2024-01-08 14:20:30,715 INFO     ___FILE_ONLY___ ═
2024-01-08 14:20:30,782 INFO     ___FILE_ONLY___ ═
2024-01-08 14:20:30,849 INFO     ___FILE_ONLY___ ═
2024-01-08 14:20:30,899 INFO     ___FILE_ONLY___ ═
2024-01-08 14:20:30,948 INFO     ___FILE_ONLY___ ═
2024-01-08 14:20:31,040 INFO     ___FILE_ONLY___ ═
2024-01-08 14:20:31,106 INFO     ___FILE_ONLY___ ═
2024-01-08 14:20:31,201 INFO     ___FILE_ONLY___ ═
2024-01-08 14:20:31,270 INFO     ___FILE_ONLY___ ═
2024-01-08 14:20:31,341 INFO     ___FILE_ONLY___ ═
2024-01-08 14:20:31,405 INFO     ___FILE_ONLY___ ═
2024-01-08 14:20:31,469 INFO     ___FILE_ONLY___ ═
2024-01-08 14:20:31,622 INFO     ___FILE_ONLY___ ═
2024-01-08 14:20:31,686 INFO     ___FILE_ONLY___ ═
2024-01-08 14:20:31,751 INFO     ___FILE_ONLY___ ═
2024-01-08 14:20:31,809 INFO     ___FILE_ONLY___ ═
2024-01-08 14:20:31,870 INFO     ___FILE_ONLY___ ═
2024-01-08 14:20:31,933 INFO     ___FILE_ONLY___ ═
2024-01-08 14:20:32,030 INFO     ___FILE_ONLY___ ═
2024-01-08 14:20:32,099 INFO     ___FILE_ONLY___ ═
2024-01-08 14:20:32,167 INFO     ___FILE_ONLY___ ═
2024-01-08 14:20:32,238 INFO     ___FILE_ONLY___ ═
2024-01-08 14:20:32,321 INFO     ___FILE_ONLY___ ═
2024-01-08 14:20:32,321 INFO     ___FILE_ONLY___ ╝

2024-01-08 14:20:35,137 INFO     ___FILE_ONLY___ ╔════════════════════════════════════════════════════════════╗

2024-01-08 14:20:35,137 INFO     ___FILE_ONLY___ ╠═ Installing: gcloud Alpha Commands                        ═╣

2024-01-08 14:20:35,137 INFO     ___FILE_ONLY___ ╚
2024-01-08 14:20:35,142 DEBUG    urllib3.connectionpool Starting new HTTPS connection (1): dl.google.com:443
2024-01-08 14:20:35,226 DEBUG    urllib3.connectionpool https://dl.google.com:443 "GET /dl/cloudsdk/channels/rapid/components/google-cloud-sdk-alpha-20231220215703.tar.gz HTTP/1.1" 200 800
2024-01-08 14:20:35,227 INFO     ___FILE_ONLY___ ══════════════════════════════
2024-01-08 14:20:35,228 INFO     ___FILE_ONLY___ ══════════════════════════════
2024-01-08 14:20:35,228 INFO     ___FILE_ONLY___ ╝

2024-01-08 14:20:35,237 INFO     ___FILE_ONLY___ ╔════════════════════════════════════════════════════════════╗

2024-01-08 14:20:35,237 INFO     ___FILE_ONLY___ ╠═ Installing: gcloud Beta Commands                         ═╣

2024-01-08 14:20:35,237 INFO     ___FILE_ONLY___ ╚
2024-01-08 14:20:35,241 DEBUG    urllib3.connectionpool Starting new HTTPS connection (1): dl.google.com:443
2024-01-08 14:20:35,327 DEBUG    urllib3.connectionpool https://dl.google.com:443 "GET /dl/cloudsdk/channels/rapid/components/google-cloud-sdk-beta-20231220215703.tar.gz HTTP/1.1" 200 797
2024-01-08 14:20:35,328 INFO     ___FILE_ONLY___ ══════════════════════════════
2024-01-08 14:20:35,329 INFO     ___FILE_ONLY___ ══════════════════════════════
2024-01-08 14:20:35,329 INFO     ___FILE_ONLY___ ╝

2024-01-08 14:20:35,338 INFO     ___FILE_ONLY___ ╔════════════════════════════════════════════════════════════╗

2024-01-08 14:20:35,338 INFO     ___FILE_ONLY___ ╠═ Creating backup and activating new installation          ═╣

2024-01-08 14:20:35,338 INFO     ___FILE_ONLY___ ╚
2024-01-08 14:20:35,338 DEBUG    root            Attempting to move directory [/tools/google-cloud-sdk] to [/tools/google-cloud-sdk.staging/.install/.backup]
2024-01-08 14:20:35,338 INFO     ___FILE_ONLY___ ══════════════════════════════
2024-01-08 14:20:35,338 DEBUG    root            Attempting to move directory [/tools/google-cloud-sdk.staging] to [/tools/google-cloud-sdk]
2024-01-08 14:20:35,339 INFO     ___FILE_ONLY___ ══════════════════════════════
2024-01-08 14:20:35,339 INFO     ___FILE_ONLY___ ╝

2024-01-08 14:20:35,343 DEBUG    root            Updating notification cache...
2024-01-08 14:20:35,344 INFO     ___FILE_ONLY___ 

2024-01-08 14:20:35,346 INFO     ___FILE_ONLY___ Performing post processing steps...
2024-01-08 14:20:35,346 DEBUG    root            Executing command: ['python3', '-S', '/tools/google-cloud-sdk/lib/gcloud.py', 'components', 'post-process']
2024-01-08 14:20:45,990 DEBUG    ___FILE_ONLY___ 
2024-01-08 14:20:45,990 DEBUG    ___FILE_ONLY___ 
2024-01-08 14:20:46,112 INFO     ___FILE_ONLY___ 
Update done!


2024-01-08 14:20:46,116 DEBUG    root            Chosen display Format:none
2024-01-08 14:20:46,116 INFO     root            Display format: "none"
